Sun May 30 09:56:00 CST 2021  [debug] AvalonLogSystem initialized using logfile 'velocity.log'
Sun May 30 09:56:00 CST 2021   [info] ************************************************************** 
Sun May 30 09:56:00 CST 2021   [info] Starting Jakarta Velocity v1.4
Sun May 30 09:56:00 CST 2021   [info] RuntimeInstance initializing.
Sun May 30 09:56:00 CST 2021   [info] Default Properties File: org\apache\velocity\runtime\defaults\velocity.properties
Sun May 30 09:56:00 CST 2021   [info] Trying to use logger class org.apache.velocity.runtime.log.AvalonLogSystem
Sun May 30 09:56:00 CST 2021   [info] Using logger class org.apache.velocity.runtime.log.AvalonLogSystem
Sun May 30 09:56:00 CST 2021   [info] Default ResourceManager initializing. (class org.apache.velocity.runtime.resource.ResourceManagerImpl)
Sun May 30 09:56:00 CST 2021   [info] Resource Loader Instantiated: org.apache.velocity.runtime.resource.loader.ClasspathResourceLoader
Sun May 30 09:56:00 CST 2021   [info] ClasspathResourceLoader : initialization starting.
Sun May 30 09:56:00 CST 2021   [info] ClasspathResourceLoader : initialization complete.
Sun May 30 09:56:00 CST 2021   [info] ResourceCache : initialized. (class org.apache.velocity.runtime.resource.ResourceCacheImpl)
Sun May 30 09:56:00 CST 2021   [info] Default ResourceManager initialization complete.
Sun May 30 09:56:00 CST 2021   [info] Loaded System Directive: org.apache.velocity.runtime.directive.Literal
Sun May 30 09:56:00 CST 2021   [info] Loaded System Directive: org.apache.velocity.runtime.directive.Macro
Sun May 30 09:56:00 CST 2021   [info] Loaded System Directive: org.apache.velocity.runtime.directive.Parse
Sun May 30 09:56:00 CST 2021   [info] Loaded System Directive: org.apache.velocity.runtime.directive.Include
Sun May 30 09:56:00 CST 2021   [info] Loaded System Directive: org.apache.velocity.runtime.directive.Foreach
Sun May 30 09:56:00 CST 2021   [info] Created: 20 parsers.
Sun May 30 09:56:00 CST 2021   [info] Velocimacro : initialization starting.
Sun May 30 09:56:00 CST 2021   [info] Velocimacro : adding VMs from VM library template : VM_global_library.vm
Sun May 30 09:56:00 CST 2021  [error] ResourceManager : unable to find resource 'VM_global_library.vm' in any resource loader.
Sun May 30 09:56:00 CST 2021   [info] Velocimacro : error using  VM library template VM_global_library.vm : org.apache.velocity.exception.ResourceNotFoundException: Unable to find resource 'VM_global_library.vm'
Sun May 30 09:56:00 CST 2021   [info] Velocimacro :  VM library template macro registration complete.
Sun May 30 09:56:00 CST 2021   [info] Velocimacro : allowInline = true : VMs can be defined inline in templates
Sun May 30 09:56:00 CST 2021   [info] Velocimacro : allowInlineToOverride = false : VMs defined inline may NOT replace previous VM definitions
Sun May 30 09:56:00 CST 2021   [info] Velocimacro : allowInlineLocal = false : VMs defined inline will be  global in scope if allowed.
Sun May 30 09:56:00 CST 2021   [info] Velocimacro : messages on  : VM system will output logging messages
Sun May 30 09:56:00 CST 2021   [info] Velocimacro : autoload off  : VM system will not automatically reload global library macros
Sun May 30 09:56:00 CST 2021   [info] Velocimacro : initialization complete.
Sun May 30 09:56:00 CST 2021   [info] Velocity successfully started.
Sun May 30 09:56:05 CST 2021   [info] ResourceManager : found org/uncommons/reportng/templates/html/index.html.vm with loader org.apache.velocity.runtime.resource.loader.ClasspathResourceLoader
Sun May 30 09:56:05 CST 2021   [info] ResourceManager : found org/uncommons/reportng/templates/html/overview.html.vm with loader org.apache.velocity.runtime.resource.loader.ClasspathResourceLoader
Sun May 30 09:56:05 CST 2021   [info] ResourceManager : found org/uncommons/reportng/templates/html/suites.html.vm with loader org.apache.velocity.runtime.resource.loader.ClasspathResourceLoader
Sun May 30 09:56:05 CST 2021   [info] ResourceManager : found org/uncommons/reportng/templates/html/results.html.vm with loader org.apache.velocity.runtime.resource.loader.ClasspathResourceLoader
Sun May 30 09:56:05 CST 2021   [info] ResourceManager : found org/uncommons/reportng/templates/html/class-results.html.vm with loader org.apache.velocity.runtime.resource.loader.ClasspathResourceLoader
Sun May 30 09:56:05 CST 2021   [info] ResourceManager : found org/uncommons/reportng/templates/html/results.html.vm with loader org.apache.velocity.runtime.resource.loader.ClasspathResourceLoader
Sun May 30 09:56:05 CST 2021   [info] ResourceManager : found org/uncommons/reportng/templates/html/class-results.html.vm with loader org.apache.velocity.runtime.resource.loader.ClasspathResourceLoader
Sun May 30 09:56:05 CST 2021   [info] ResourceManager : found org/uncommons/reportng/templates/xml/results.xml.vm with loader org.apache.velocity.runtime.resource.loader.ClasspathResourceLoader
Sun May 30 09:56:05 CST 2021   [info] ResourceManager : found org/uncommons/reportng/templates/xml/results.xml.vm with loader org.apache.velocity.runtime.resource.loader.ClasspathResourceLoader
